Client 3 acts at 20"
Client 29 acts at 25"
Web Server - CPU running from 25" to 28" for Client 29
Client 5 acts at 26"
Client 33 acts at 27"
Client 12 acts at 28"
Client 23 acts at 28"
Web Server - CPU running from 28" to 31" for Client 23
Application Server - CPU running from 28" to 31" for Client 29
Application Server - CPU running from 31" to 34" for Client 23
Application Server - Disk working from 31" to 41" for Client 29
Client 36 acts at 33"
Web Server - CPU running from 34" to 36" for Client 23
Client 9 acts at 36"
Client 11 acts at 36"
Web Server - CPU running from 36" to 38" for Client 11
Web Server - Disk working from 36" to 44" for Client 23
Client 26 acts at 39"
Client 8 acts at 41"
Client 44 acts at 41"
Client 3 acts at 41"
Web Server - CPU running from 41" to 43" for Client 8
Application Server - CPU running from 41" to 42" for Client 29
Web Server - CPU running from 43" to 45" for Client 29
Web Server - Disk working from 44" to 49" for Client 8
Client 21 acts at 45"
Web Server - CPU running from 45" to 47" for Client 23
Client 27 acts at 47"
Web Server - CPU running from 47" to 49" for Client 21
Client 31 acts at 48"
Client 5 acts at 49"
Web Server - CPU running from 49" to 52" for Client 27
Client 48 acts at 50"
Client 25 acts at 51"
Client 42 acts at 51"
Web Server - CPU running from 52" to 55" for Client 31
Application Server - CPU running from 52" to 54" for Client 27
Client 6 acts at 53"
Web Server - CPU running from 55" to 57" for Client 8
Web Server - Disk working from 55" to 61" for Client 31
Client 1 acts at 56"
Client 2 acts at 56"
Web Server - CPU running from 57" to 58" for Client 48
Web Server - CPU running from 58" to 60" for Client 25
Web Server - CPU running from 60" to 63" for Client 27
Client 17 acts at 61"
Client 37 acts at 61"
Client 40 acts at 62"
Client 28 acts at 63"
Client 46 acts at 63"
Web Server - CPU running from 63" to 66" for Client 1
Client 18 acts at 65"
Client 19 acts at 65"
Client 38 acts at 66"
Web Server - CPU running from 66" to 67" for Client 31
Application Server - CPU running from 66" to 67" for Client 1
Web Server - CPU running from 67" to 70" for Client 40
Application Server - CPU running from 67" to 69" for Client 31
Application Server - Disk working from 67" to 73" for Client 1
Client 50 acts at 69"
Client 26 acts at 69"
Client 35 acts at 70"
Web Server - CPU running from 70" to 73" for Client 46
Client 32 acts at 72"
Application Server - Disk working from 73" to 78" for Client 31
Application Server - CPU running from 73" to 74" for Client 1
Web Server - CPU running from 73" to 75" for Client 19
Client 39 acts at 74"
Database Server - CPU running from 74" to 76" for Client 1
Web Server - CPU running from 75" to 77" for Client 38
Application Server - CPU running from 76" to 79" for Client 1
Web Server - CPU running from 77" to 79" for Client 50
Client 13 acts at 79"
Client 15 acts at 79"
Web Server - CPU running from 79" to 80" for Client 35
Application Server - CPU running from 79" to 80" for Client 31
Web Server - CPU running from 80" to 82" for Client 32
Web Server - Disk working from 80" to 88" for Client 35
Web Server - CPU running from 82" to 83" for Client 15
Web Server - CPU running from 83" to 85" for Client 1
Application Server - CPU running from 83" to 85" for Client 15
Client 27 acts at 85"
Web Server - CPU running from 85" to 88" for Client 31
Database Server - CPU running from 85" to 88" for Client 15
Client 16 acts at 86"
Client 41 acts at 87"
Client 45 acts at 87"
Client 24 acts at 88"
Web Server - Disk working from 88" to 93" for Client 1
Web Server - CPU running from 88" to 89" for Client 41
Database Server - Disk working from 88" to 93" for Client 15
Client 30 acts at 89"
Web Server - CPU running from 89" to 90" for Client 45
Web Server - CPU running from 90" to 92" for Client 35
Client 10 acts at 91"
Client 20 acts at 92"
Web Server - CPU running from 92" to 95" for Client 10
Web Server - Disk working from 93" to 100" for Client 35
Database Server - CPU running from 93" to 94" for Client 15
Client 5 acts at 94"
Application Server - CPU running from 94" to 97" for Client 15
Client 34 acts at 95"
Client 47 acts at 95"
Client 33 acts at 95"
Web Server - CPU running from 95" to 96" for Client 1
Client 43 acts at 96"
Web Server - CPU running from 96" to 97" for Client 47
Client 14 acts at 97"
Client 22 acts at 97"
Web Server - CPU running from 97" to 99" for Client 22
Application Server - CPU running from 97" to 98" for Client 1
Client 21 acts at 98"
Application Server - Disk working from 98" to 105" for Client 1
Client 4 acts at 99"
Client 49 acts at 99"
Web Server - CPU running from 99" to 102" for Client 15
Client 7 acts at 100"
Web Server - Disk working from 100" to 109" for Client 47
Web Server - CPU running from 102" to 105" for Client 21
Client 23 acts at 103"
Client 18 acts at 105"
Web Server - CPU running from 105" to 106" for Client 4
Application Server - CPU running from 105" to 108" for Client 1
Web Server - CPU running from 106" to 109" for Client 49
Client 13 acts at 108"
Application Server - CPU running from 108" to 109" for Client 21
Web Server - CPU running from 109" to 110" for Client 7
Application Server - CPU running from 109" to 111" for Client 49
Web Server - CPU running from 110" to 113" for Client 35
Application Server - Disk working from 111" to 118" for Client 49
Client 3 acts at 112"
Web Server - CPU running from 113" to 115" for Client 23
Client 28 acts at 114"
Web Server - CPU running from 115" to 118" for Client 18
Client 9 acts at 117"
Client 11 acts at 117"
Client 29 acts at 117"
Client 32 acts at 118"
Application Server - CPU running from 118" to 120" for Client 49
Web Server - CPU running from 118" to 121" for Client 13
Client 25 acts at 120"
Client 12 acts at 121"
Web Server - CPU running from 121" to 124" for Client 1
Web Server - Disk working from 121" to 130" for Client 13
Client 42 acts at 123"
Client 36 acts at 124"
Client 33 acts at 124"
Web Server - CPU running from 124" to 127" for Client 47
Client 44 acts at 125"
Client 50 acts at 127"
Web Server - CPU running from 127" to 128" for Client 21
Web Server - CPU running from 128" to 131" for Client 3
Web Server - Disk working from 130" to 135" for Client 1
Web Server - CPU running from 131" to 134" for Client 11
Web Server - CPU running from 134" to 137" for Client 25
Client 24 acts at 135"
Web Server - Disk working from 135" to 145" for Client 47
Client 48 acts at 136"
Client 46 acts at 136"
Client 41 acts at 136"
Client 4 acts at 136"
Client 14 acts at 137"
Web Server - CPU running from 137" to 140" for Client 49
Application Server - CPU running from 137" to 139" for Client 25
Web Server - CPU running from 140" to 143" for Client 42
Client 18 acts at 141"
Client 12 acts at 141"
Client 40 acts at 142"
Web Server - CPU running from 143" to 145" for Client 36
Client 15 acts at 144"
Web Server - CPU running from 145" to 147" for Client 44
Web Server - Disk working from 145" to 154" for Client 36
Client 17 acts at 147"
Client 39 acts at 147"
Web Server - CPU running from 147" to 150" for Client 50
Client 30 acts at 148"
Client 26 acts at 149"
Client 34 acts at 149"
Client 8 acts at 150"
Client 5 acts at 150"
Web Server - CPU running from 150" to 151" for Client 13
Client 6 acts at 151"
Web Server - CPU running from 151" to 153" for Client 1
Client 32 acts at 152"
Client 21 acts at 153"
Web Server - CPU running from 153" to 156" for Client 46
Client 2 acts at 154"
Web Server - Disk working from 154" to 163" for Client 44
Client 37 acts at 155"
Client 43 acts at 155"
Client 48 acts at 156"
Web Server - CPU running from 156" to 158" for Client 4
Client 38 acts at 157"
Web Server - CPU running from 158" to 159" for Client 25
Web Server - CPU running from 159" to 161" for Client 18
Client 19 acts at 160"
Client 9 acts at 161"
Web Server - CPU running from 161" to 162" for Client 40
Web Server - CPU running from 162" to 164" for Client 15
Web Server - Disk working from 163" to 170" for Client 46
Client 29 acts at 164"
Web Server - CPU running from 164" to 166" for Client 47
Client 35 acts at 165"
Web Server - CPU running from 166" to 168" for Client 17
Web Server - CPU running from 168" to 170" for Client 39
Web Server - Disk working from 170" to 178" for Client 47
Web Server - CPU running from 170" to 173" for Client 30
Client 3 acts at 173"
Web Server - CPU running from 173" to 176" for Client 26
Client 31 acts at 174"
Client 14 acts at 176"
Web Server - CPU running from 176" to 179" for Client 34
Client 28 acts at 177"
Client 12 acts at 177"
Client 10 acts at 178"
Client 50 acts at 178"
Web Server - Disk working from 178" to 183" for Client 30
Web Server - CPU running from 179" to 180" for Client 8
Web Server - CPU running from 180" to 183" for Client 5
Client 27 acts at 183"
Client 16 acts at 183"
Web Server - CPU running from 183" to 186" for Client 36
Web Server - Disk working from 183" to 188" for Client 5
Web Server - CPU running from 186" to 187" for Client 37
Client 20 acts at 187"
Client 7 acts at 187"
Client 24 acts at 187"
Web Server - CPU running from 187" to 189" for Client 38
Client 45 acts at 188"
Web Server - CPU running from 189" to 191" for Client 9
Client 6 acts at 190"
Client 41 acts at 191"
Web Server - CPU running from 191" to 194" for Client 44
Client 22 acts at 192"
Client 33 acts at 193"
Client 25 acts at 193"
Web Server - CPU running from 194" to 195" for Client 29
Web Server - CPU running from 195" to 198" for Client 46
Application Server - CPU running from 195" to 197" for Client 29
Application Server - Disk working from 197" to 207" for Client 29
Web Server - CPU running from 198" to 200" for Client 47
Client 13 acts at 199"
Web Server - CPU running from 200" to 202" for Client 27
Web Server - CPU running from 202" to 203" for Client 30
Web Server - CPU running from 203" to 204" for Client 7
Client 23 acts at 204"
Web Server - CPU running from 204" to 207" for Client 5
Client 21 acts at 206"
Application Server - CPU running from 207" to 210" for Client 29
Web Server - CPU running from 207" to 209" for Client 22
Web Server - Disk working from 207" to 217" for Client 5
Client 8 acts at 208"
Client 48 acts at 209"
Web Server - CPU running from 209" to 211" for Client 33
Client 45 acts at 210"
Application Server - Disk working from 210" to 220" for Client 29
Web Server - CPU running from 211" to 213" for Client 25
Client 28 acts at 212"
Web Server - CPU running from 213" to 214" for Client 13
Web Server - CPU running from 214" to 215" for Client 23
Web Server - CPU running from 215" to 217" for Client 21
Client 50 acts at 216"
Client 4 acts at 217"
Client 24 acts at 217"
Web Server - CPU running from 217" to 219" for Client 8
Web Server - Disk working from 217" to 226" for Client 25
Web Server - CPU running from 219" to 222" for Client 24
Application Server - CPU running from 220" to 222" for Client 29
Client 43 acts at 221"
Client 36 acts at 221"
Client 11 acts at 222"
Client 39 acts at 222"
Web Server - CPU running from 222" to 225" for Client 5
Database Server - CPU running from 222" to 224" for Client 29
Client 15 acts at 223"
Client 49 acts at 224"
Application Server - CPU running from 224" to 225" for Client 29
Client 27 acts at 225"
Web Server - CPU running from 225" to 228" for Client 36
Application Server - Disk working from 225" to 234" for Client 29
Client 17 acts at 226"
Client 14 acts at 226"
Web Server - Disk working from 226" to 235" for Client 21
Client 47 acts at 228"
Web Server - CPU running from 228" to 229" for Client 49
Client 32 acts at 229"
Client 30 acts at 229"
Web Server - CPU running from 229" to 232" for Client 17
Application Server - CPU running from 229" to 231" for Client 49
Client 2 acts at 232"
Web Server - CPU running from 232" to 235" for Client 14
Client 41 acts at 233"
Application Server - CPU running from 234" to 236" for Client 29
Client 12 acts at 235"
Web Server - Disk working from 235" to 244" for Client 8
Web Server - CPU running from 235" to 238" for Client 25
Client 19 acts at 236"
Client 46 acts at 236"
Client 18 acts at 237"
Client 42 acts at 238"
Client 35 acts at 238"
Web Server - CPU running from 238" to 241" for Client 47
Client 9 acts at 240"
Client 13 acts at 240"
Web Server - CPU running from 241" to 244" for Client 32
Client 3 acts at 244"
Client 7 acts at 244"
Web Server - CPU running from 244" to 246" for Client 49
Web Server - Disk working from 244" to 249" for Client 5
Web Server - CPU running from 246" to 248" for Client 2
Client 24 acts at 247"
Client 34 acts at 248"
Web Server - CPU running from 248" to 249" for Client 21
Web Server - CPU running from 249" to 251" for Client 29
Web Server - CPU running from 251" to 253" for Client 7
Client 31 acts at 252"
Client 1 acts at 253"
Web Server - CPU running from 253" to 254" for Client 8
Web Server - Disk working from 253" to 261" for Client 7
Web Server - CPU running from 254" to 255" for Client 5
Client 37 acts at 255"
Web Server - CPU running from 255" to 256" for Client 31
Client 44 acts at 256"
Web Server - CPU running from 256" to 258" for Client 37
Client 11 acts at 258"
Web Server - CPU running from 258" to 259" for Client 44
Client 40 acts at 259"
Client 36 acts at 259"
Web Server - CPU running from 259" to 260" for Client 11
Web Server - CPU running from 260" to 261" for Client 40
Application Server - CPU running from 260" to 263" for Client 11
Web Server - Disk working from 261" to 269" for Client 5
Web Server - CPU running from 261" to 264" for Client 7
Client 48 acts at 263"
Application Server - Disk working from 263" to 273" for Client 11
Web Server - CPU running from 264" to 267" for Client 48
Client 16 acts at 265"
Client 43 acts at 268"
Web Server - CPU running from 268" to 271" for Client 43
Web Server - Disk working from 269" to 274" for Client 7
Client 27 acts at 270"
Client 33 acts at 271"
Web Server - CPU running from 271" to 272" for Client 5
Client 42 acts at 272"
Web Server - CPU running from 272" to 275" for Client 27
Application Server - CPU running from 273" to 276" for Client 11
Client 38 acts at 274"
Client 26 acts at 275"
Client 49 acts at 275"
Web Server - CPU running from 275" to 276" for Client 38
Web Server - Disk working from 275" to 281" for Client 27
Client 30 acts at 276"
Database Server - CPU running from 276" to 278" for Client 11
Web Server - CPU running from 276" to 278" for Client 7
Client 10 acts at 277"
Client 45 acts at 277"
Client 34 acts at 278"
Web Server - CPU running from 278" to 280" for Client 49
Application Server - CPU running from 278" to 279" for Client 11
Client 20 acts at 279"
Client 13 acts at 280"
Web Server - CPU running from 280" to 283" for Client 34
Client 28 acts at 281"
Web Server - Disk working from 281" to 289" for Client 7
Client 6 acts at 282"
Client 15 acts at 282"
Client 25 acts at 283"
Client 24 acts at 283"
Web Server - CPU running from 283" to 285" for Client 20
Client 39 acts at 284"
Web Server - CPU running from 285" to 287" for Client 11
Client 2 acts at 286"
Web Server - CPU running from 287" to 288" for Client 13
Client 19 acts at 288"
Web Server - CPU running from 288" to 291" for Client 28
Web Server - Disk working from 289" to 297" for Client 49
Web Server - CPU running from 291" to 292" for Client 27
Web Server - CPU running from 292" to 294" for Client 6
Application Server - CPU running from 292" to 294" for Client 27
Client 41 acts at 293"
Web Server - CPU running from 294" to 297" for Client 25
Database Server - CPU running from 294" to 297" for Client 27
Client 14 acts at 295"
Web Server - Disk working from 297" to 303" for Client 11
Web Server - CPU running from 297" to 300" for Client 19
Database Server - Disk working from 297" to 307" for Client 27
Client 32 acts at 298"
Client 22 acts at 299"
Client 40 acts at 299"
Web Server - CPU running from 300" to 302" for Client 7
Client 31 acts at 301"
Web Server - CPU running from 302" to 303" for Client 41
Web Server - Disk working from 303" to 312" for Client 6
Web Server - CPU running from 303" to 306" for Client 49
Client 23 acts at 306"
Web Server - CPU running from 306" to 309" for Client 32
Client 50 acts at 307"
Database Server - CPU running from 307" to 308" for Client 27
Application Server - CPU running from 308" to 309" for Client 27
Web Server - CPU running from 309" to 311" for Client 22
Application Server - Disk working from 309" to 319" for Client 27
Client 9 acts at 310"
Web Server - CPU running from 311" to 313" for Client 40
Client 4 acts at 312"
Client 46 acts at 312"
Client 20 acts at 312"
Web Server - Disk working from 312" to 322" for Client 25
Client 21 acts at 313"
Web Server - CPU running from 313" to 315" for Client 11
Web Server - CPU running from 315" to 318" for Client 23
Application Server - CPU running from 315" to 317" for Client 11
Client 44 acts at 318"
Web Server - CPU running from 318" to 321" for Client 50
Application Server - Disk working from 319" to 324" for Client 11
Application Server - CPU running from 319" to 321" for Client 27
Client 2 acts at 321"
Web Server - CPU running from 321" to 322" for Client 20
Client 35 acts at 322"
Web Server - Disk working from 322" to 329" for Client 41
Web Server - CPU running from 322" to 325" for Client 6
Application Server - CPU running from 324" to 326" for Client 11
Client 29 acts at 325"
Client 30 acts at 325"
Web Server - CPU running from 325" to 327" for Client 44
Client 48 acts at 326"
Client 39 acts at 327"
Web Server - CPU running from 327" to 329" for Client 2
Client 17 acts at 329"
Web Server - CPU running from 329" to 332" for Client 27
Web Server - Disk working from 329" to 336" for Client 23
Client 12 acts at 332"
Client 47 acts at 332"
Web Server - CPU running from 332" to 334" for Client 25
Client 43 acts at 333"
Web Server - CPU running from 334" to 336" for Client 48
Client 8 acts at 335"
Web Server - Disk working from 336" to 344" for Client 50
Web Server - CPU running from 336" to 338" for Client 11
Client 18 acts at 337"
Client 37 acts at 338"
Client 45 acts at 338"
Web Server - CPU running from 338" to 341" for Client 17
Client 38 acts at 339"
Client 16 acts at 340"
Client 32 acts at 340"
Web Server - CPU running from 341" to 343" for Client 41
Application Server - CPU running from 341" to 343" for Client 17
Client 3 acts at 343"
Client 36 acts at 343"
Client 28 acts at 343"
Web Server - CPU running from 343" to 345" for Client 12
Web Server - Disk working from 344" to 352" for Client 2
Web Server - CPU running from 345" to 346" for Client 47
Web Server - CPU running from 346" to 347" for Client 43
Web Server - CPU running from 347" to 349" for Client 8
Client 46 acts at 349"
Web Server - CPU running from 349" to 352" for Client 23
Client 1 acts at 352"
Web Server - CPU running from 352" to 353" for Client 18
Web Server - Disk working from 352" to 360" for Client 48
Web Server - CPU running from 353" to 355" for Client 37
Client 42 acts at 355"
Client 15 acts at 355"
Web Server - CPU running from 355" to 357" for Client 45
Client 30 acts at 357"
Web Server - CPU running from 357" to 358" for Client 32
Client 13 acts at 358"
Client 14 acts at 358"
Client 49 acts at 358"
Web Server - CPU running from 358" to 360" for Client 36
Client 10 acts at 360"
Web Server - Disk working from 360" to 365" for Client 12
Web Server - CPU running from 360" to 363" for Client 17
Client 33 acts at 363"
Web Server - CPU running from 363" to 366" for Client 50
Client 31 acts at 365"
Web Server - Disk working from 365" to 370" for Client 47
Client 5 acts at 366"
Client 3 acts at 366"
Web Server - CPU running from 366" to 369" for Client 46
Client 26 acts at 368"
Client 21 acts at 369"
Web Server - CPU running from 369" to 370" for Client 1
Client 38 acts at 370"
Web Server - CPU running from 370" to 372" for Client 2
Web Server - Disk working from 370" to 378" for Client 23
Client 6 acts at 371"
Client 35 acts at 372"
Client 8 acts at 372"
Web Server - CPU running from 372" to 374" for Client 30
Web Server - CPU running from 374" to 377" for Client 13
Web Server - CPU running from 377" to 379" for Client 48
Web Server - Disk working from 378" to 384" for Client 45
Client 24 acts at 379"
Web Server - CPU running from 379" to 380" for Client 33
Client 34 acts at 380"
Web Server - CPU running from 380" to 383" for Client 12
Client 18 acts at 383"
Web Server - CPU running from 383" to 386" for Client 5
Client 9 acts at 384"
Web Server - Disk working from 384" to 390" for Client 32
Client 14 acts at 386"
Web Server - CPU running from 386" to 389" for Client 26
Client 19 acts at 387"
Web Server - CPU running from 389" to 390" for Client 38
Web Server - Disk working from 390" to 399" for Client 36
Web Server - CPU running from 390" to 391" for Client 47
Client 27 acts at 391"
Web Server - CPU running from 391" to 393" for Client 35
Application Server - CPU running from 391" to 392" for Client 47
Client 4 acts at 393"
Web Server - CPU running from 393" to 394" for Client 23
Web Server - CPU running from 394" to 395" for Client 24
Client 7 acts at 395"
Client 49 acts at 395"
Web Server - CPU running from 395" to 397" for Client 18
Client 39 acts at 397"
Client 3 acts at 397"
Web Server - CPU running from 397" to 399" for Client 45
Client 44 acts at 399"
Web Server - Disk working from 399" to 405" for Client 17
Web Server - CPU running from 399" to 402" for Client 14
Application Server - CPU running from 399" to 401" for Client 45
Client 37 acts at 401"
Client 29 acts at 402"
Client 50 acts at 402"
Client 34 acts at 402"
Web Server - CPU running from 402" to 405" for Client 19
Web Server - Disk working from 405" to 410" for Client 48
Web Server - CPU running from 405" to 406" for Client 32
Web Server - CPU running from 406" to 408" for Client 27
Client 22 acts at 407"
Web Server - CPU running from 408" to 410" for Client 47
Client 40 acts at 409"
Client 25 acts at 409"
Client 15 acts at 409"
Client 1 acts at 410"
Web Server - CPU running from 410" to 411" for Client 4
Web Server - Disk working from 410" to 417" for Client 12
Web Server - CPU running from 411" to 414" for Client 49
Client 28 acts at 414"
Web Server - CPU running from 414" to 417" for Client 39
Client 16 acts at 416"
Client 10 acts at 417"
Web Server - CPU running from 417" to 419" for Client 3
Web Server - Disk working from 417" to 422" for Client 35
Client 20 acts at 418"
Client 9 acts at 418"
Client 41 acts at 419"
Web Server - CPU running from 419" to 420" for Client 36
Application Server - CPU running from 419" to 421" for Client 3
Client 46 acts at 420"
Client 2 acts at 420"
Web Server - CPU running from 420" to 422" for Client 37
Application Server - CPU running from 421" to 424" for Client 36
Application Server - Disk working from 421" to 426" for Client 3
Web Server - Disk working from 422" to 430" for Client 32
Web Server - CPU running from 422" to 423" for Client 45
Client 11 acts at 423"
Web Server - CPU running from 423" to 426" for Client 29
Client 42 acts at 425"
Client 21 acts at 425"
Application Server - CPU running from 426" to 427" for Client 3
Web Server - CPU running from 426" to 428" for Client 50
Application Server - CPU running from 427" to 430" for Client 29
Web Server - CPU running from 428" to 431" for Client 17
Web Server - Disk working from 430" to 436" for Client 4
Application Server - CPU running from 430" to 431" for Client 50
Client 43 acts at 431"
Web Server - CPU running from 431" to 432" for Client 40
Client 5 acts at 432"
Web Server - CPU running from 432" to 434" for Client 25
Web Server - CPU running from 434" to 436" for Client 15
Application Server - CPU running from 434" to 437" for Client 25
Client 24 acts at 436"
Web Server - CPU running from 436" to 439" for Client 1
Web Server - Disk working from 436" to 444" for Client 49
Database Server - CPU running from 437" to 440" for Client 25
Client 27 acts at 438"
Web Server - CPU running from 439" to 442" for Client 48
Application Server - CPU running from 440" to 443" for Client 25
Web Server - CPU running from 442" to 445" for Client 28
Client 8 acts at 443"
Application Server - Disk working from 443" to 452" for Client 25
Client 31 acts at 444"
Web Server - Disk working from 444" to 451" for Client 17
Web Server - CPU running from 445" to 447" for Client 16
Web Server - CPU running from 447" to 448" for Client 10
Web Server - CPU running from 448" to 450" for Client 12
Web Server - CPU running from 450" to 453" for Client 20
Client 23 acts at 451"
Web Server - Disk working from 451" to 458" for Client 40
Client 6 acts at 452"
Application Server - CPU running from 452" to 453" for Client 25
Web Server - CPU running from 453" to 455" for Client 35
Application Server - Disk working from 453" to 461" for Client 25
Client 43 acts at 454"
Client 34 acts at 455"
Web Server - CPU running from 455" to 457" for Client 36
Web Server - CPU running from 457" to 459" for Client 21
Web Server - Disk working from 458" to 467" for Client 15
Client 14 acts at 459"
Web Server - CPU running from 459" to 460" for Client 3
Web Server - CPU running from 460" to 461" for Client 32
Client 33 acts at 461"
Web Server - CPU running from 461" to 462" for Client 29
Application Server - CPU running from 461" to 464" for Client 25
Client 44 acts at 462"
Web Server - CPU running from 462" to 465" for Client 50
Client 27 acts at 463"
Client 39 acts at 464"
Database Server - CPU running from 464" to 466" for Client 25
Web Server - CPU running from 465" to 467" for Client 5
Database Server - Disk working from 466" to 476" for Client 25
Web Server - Disk working from 467" to 476" for Client 48
Web Server - CPU running from 467" to 468" for Client 24
Client 30 acts at 468"
Web Server - CPU running from 468" to 469" for Client 4
Client 38 acts at 469"
Web Server - CPU running from 469" to 472" for Client 8
Client 26 acts at 471"
Client 46 acts at 472"
Web Server - CPU running from 472" to 473" for Client 31
Web Server - CPU running from 473" to 475" for Client 49
Client 13 acts at 474"
Web Server - CPU running from 475" to 476" for Client 17
Application Server - CPU running from 475" to 477" for Client 49
Database Server - CPU running from 476" to 478" for Client 25
Web Server - Disk working from 476" to 484" for Client 28
Web Server - CPU running from 476" to 477" for Client 6
Client 37 acts at 477"
Web Server - CPU running from 477" to 478" for Client 43
Application Server - CPU running from 477" to 479" for Client 17
Database Server - CPU running from 478" to 479" for Client 49
Web Server - CPU running from 478" to 480" for Client 40
Application Server - CPU running from 479" to 480" for Client 25
Application Server - Disk working from 479" to 484" for Client 17
Web Server - CPU running from 480" to 481" for Client 14
Application Server - CPU running from 480" to 482" for Client 49
Web Server - CPU running from 481" to 482" for Client 33
Web Server - CPU running from 482" to 483" for Client 44
Application Server - CPU running from 482" to 484" for Client 33
Client 20 acts at 483"
Web Server - CPU running from 483" to 485" for Client 27
Web Server - Disk working from 484" to 490" for Client 50
Application Server - CPU running from 484" to 485" for Client 17
Web Server - CPU running from 485" to 486" for Client 15
Application Server - Disk working from 485" to 492" for Client 17
Client 42 acts at 486"
Web Server - CPU running from 486" to 487" for Client 46
Web Server - CPU running from 487" to 490" for Client 13
Client 45 acts at 489"
Web Server - Disk working from 490" to 495" for Client 5
Web Server - CPU running from 490" to 492" for Client 48
Application Server - CPU running from 490" to 492" for Client 13
Client 7 acts at 491"
Client 22 acts at 491"
Client 9 acts at 492"
Client 16 acts at 492"
Web Server - CPU running from 492" to 494" for Client 37
Application Server - CPU running from 492" to 493" for Client 17
Client 19 acts at 494"
Web Server - CPU running from 494" to 496" for Client 25
Web Server - Disk working from 495" to 501" for Client 24
Client 47 acts at 496"
Client 1 acts at 496"
Client 31 acts at 496"
Web Server - CPU running from 496" to 498" for Client 49
Client 18 acts at 497"
Web Server - CPU running from 498" to 499" for Client 20
Web Server - CPU running from 499" to 500" for Client 28
Web Server - CPU running from 500" to 501" for Client 33
Application Server - CPU running from 500" to 501" for Client 28
Web Server - Disk working from 501" to 506" for Client 4
Web Server - CPU running from 501" to 503" for Client 45
Web Server - CPU running from 503" to 504" for Client 50
Client 41 acts at 504"
Web Server - CPU running from 504" to 505" for Client 9
Application Server - CPU running from 504" to 505" for Client 50
Client 11 acts at 505"
Web Server - CPU running from 505" to 508" for Client 16
Client 2 acts at 506"
Web Server - Disk working from 506" to 514" for Client 8
Client 46 acts at 507"
Web Server - CPU running from 508" to 510" for Client 13
Web Server - CPU running from 510" to 513" for Client 17
Client 42 acts at 511"
Web Server - CPU running from 513" to 515" for Client 19
Web Server - Disk working from 514" to 520" for Client 43
Web Server - CPU running from 515" to 517" for Client 5
Client 23 acts at 516"
Client 39 acts at 517"
Web Server - CPU running from 517" to 520" for Client 18
Client 31 acts at 519"
Web Server - Disk working from 520" to 528" for Client 40
Web Server - CPU running from 520" to 523" for Client 24
Application Server - CPU running from 520" to 521" for Client 18
Web Server - CPU running from 523" to 524" for Client 28
Web Server - CPU running from 524" to 526" for Client 50
Client 10 acts at 526"
Web Server - CPU running from 526" to 527" for Client 4
Web Server - CPU running from 527" to 528" for Client 42
Application Server - CPU running from 527" to 529" for Client 4
Web Server - Disk working from 528" to 535" for Client 14
Web Server - CPU running from 528" to 531" for Client 8
Client 27 acts at 529"
Application Server - CPU running from 529" to 532" for Client 42
Application Server - Disk working from 529" to 538" for Client 4
Web Server - CPU running from 531" to 534" for Client 43
Client 7 acts at 532"
Application Server - CPU running from 532" to 534" for Client 8
Database Server - CPU running from 532" to 535" for Client 42
Client 48 acts at 534"
Client 1 acts at 534"
Web Server - CPU running from 534" to 535" for Client 18
Application Server - CPU running from 534" to 535" for Client 43
Client 36 acts at 535"
Client 26 acts at 535"
Client 33 acts at 535"
Web Server - CPU running from 535" to 536" for Client 40
Web Server - Disk working from 535" to 545" for Client 44
Database Server - Disk working from 535" to 543" for Client 42
Database Server - CPU running from 535" to 538" for Client 43
Client 21 acts at 536"
Web Server - CPU running from 536" to 538" for Client 7
Client 12 acts at 537"
Client 3 acts at 537"
Client 46 acts at 537"
Application Server - CPU running from 538" to 541" for Client 4
Web Server - CPU running from 538" to 540" for Client 48
Web Server - CPU running from 540" to 542" for Client 8
Web Server - CPU running from 542" to 545" for Client 36
Database Server - Disk working from 543" to 550" for Client 43
Database Server - CPU running from 543" to 545" for Client 42
Web Server - Disk working from 545" to 551" for Client 25
Web Server - CPU running from 545" to 547" for Client 26
Application Server - CPU running from 545" to 547" for Client 42
Web Server - CPU running from 547" to 549" for Client 33
Application Server - Disk working from 547" to 553" for Client 42
Web Server - CPU running from 549" to 552" for Client 14
Client 35 acts at 550"
Client 32 acts at 550"
Database Server - CPU running from 550" to 551" for Client 43
Web Server - Disk working from 551" to 559" for Client 49
Application Server - CPU running from 551" to 553" for Client 43
Client 30 acts at 552"
Client 15 acts at 552"
Web Server - CPU running from 552" to 554" for Client 21
Client 34 acts at 553"
Client 38 acts at 553"
Application Server - CPU running from 553" to 555" for Client 42
Client 2 acts at 554"
Web Server - CPU running from 554" to 555" for Client 12
Web Server - CPU running from 555" to 557" for Client 3
Client 22 acts at 557"
Client 5 acts at 557"
Web Server - CPU running from 557" to 558" for Client 4
Application Server - CPU running from 557" to 558" for Client 3
Client 29 acts at 558"
Web Server - CPU running from 558" to 561" for Client 44
Client 41 acts at 559"
Web Server - Disk working from 559" to 564" for Client 20
Client 7 acts at 560"
Web Server - CPU running from 561" to 562" for Client 35
Web Server - CPU running from 562" to 564" for Client 32
Client 37 acts at 563"
Client 46 acts at 564"
Web Server - CPU running from 564" to 566" for Client 25
Web Server - Disk working from 564" to 573" for Client 45
Web Server - CPU running from 566" to 567" for Client 15
Web Server - CPU running from 567" to 569" for Client 38
Application Server - CPU running from 567" to 569" for Client 15
Client 6 acts at 569"
Client 1 acts at 569"
Web Server - CPU running from 569" to 571" for Client 43
Web Server - CPU running from 571" to 574" for Client 42
Client 40 acts at 573"
Web Server - Disk working from 573" to 579" for Client 19
Web Server - CPU running from 574" to 577" for Client 3
Application Server - CPU running from 574" to 575" for Client 42
Client 24 acts at 575"
Database Server - CPU running from 575" to 578" for Client 42
Web Server - CPU running from 577" to 580" for Client 49
Client 5 acts at 578"
Application Server - CPU running from 578" to 581" for Client 42
Web Server - Disk working from 579" to 585" for Client 28
Client 47 acts at 580"
Client 2 acts at 580"
Client 21 acts at 580"
Web Server - CPU running from 580" to 581" for Client 7
Database Server - CPU running from 581" to 582" for Client 42
Web Server - CPU running from 581" to 583" for Client 37
Client 39 acts at 582"
Application Server - CPU running from 582" to 585" for Client 42
Web Server - CPU running from 583" to 584" for Client 46
Web Server - CPU running from 584" to 585" for Client 20
Web Server - Disk working from 585" to 592" for Client 50
Web Server - CPU running from 585" to 587" for Client 15
Application Server - CPU running from 585" to 588" for Client 46
Web Server - CPU running from 587" to 588" for Client 45
Application Server - CPU running from 588" to 590" for Client 15
Web Server - CPU running from 588" to 590" for Client 24
Application Server - Disk working from 590" to 598" for Client 15
Web Server - CPU running from 590" to 591" for Client 5
Application Server - CPU running from 590" to 593" for Client 24
Client 11 acts at 591"
Client 13 acts at 591"
Web Server - CPU running from 591" to 593" for Client 19
Client 44 acts at 592"
Web Server - Disk working from 592" to 602" for Client 8
Client 16 acts at 593"
Client 48 acts at 593"
Web Server - CPU running from 593" to 596" for Client 47
Application Server - CPU running from 593" to 595" for Client 19
Client 14 acts at 595"
Web Server - CPU running from 596" to 597" for Client 39
Web Server - CPU running from 597" to 598" for Client 28
Client 6 acts at 598"
Web Server - CPU running from 598" to 600" for Client 42
Application Server - Disk working from 598" to 606" for Client 24
Application Server - CPU running from 598" to 601" for Client 15
Client 9 acts at 599"
Client 18 acts at 599"
Client 10 acts at 600"
Web Server - CPU running from 600" to 603" for Client 46
Client 17 acts at 601"
Web Server - Disk working from 602" to 608" for Client 26
Web Server - CPU running from 603" to 606" for Client 11
Client 31 acts at 604"
Application Server - Disk working from 606" to 616" for Client 15
Application Server - CPU running from 606" to 608" for Client 24
Web Server - CPU running from 606" to 608" for Client 44
Web Server - Disk working from 608" to 618" for Client 12
Web Server - CPU running from 608" to 610" for Client 50
Database Server - CPU running from 608" to 610" for Client 24
Client 30 acts at 610"
Web Server - CPU running from 610" to 612" for Client 16
Database Server - Disk working from 610" to 619" for Client 24
Client 23 acts at 612"
Client 21 acts at 612"
Web Server - CPU running from 612" to 613" for Client 19
Client 43 acts at 613"
Web Server - CPU running from 613" to 614" for Client 6
Client 27 acts at 614"
Client 35 acts at 614"
Web Server - CPU running from 614" to 617" for Client 18
Application Server - CPU running from 616" to 618" for Client 15
Web Server - CPU running from 617" to 618" for Client 8
Web Server - Disk working from 618" to 627" for Client 25
Web Server - CPU running from 618" to 621" for Client 26
Application Server - Disk working from 618" to 626" for Client 15
Database Server - CPU running from 619" to 622" for Client 24
Web Server - CPU running from 621" to 624" for Client 30
Database Server - Disk working from 622" to 630" for Client 24
Client 2 acts at 624"
Web Server - CPU running from 624" to 626" for Client 27
Application Server - CPU running from 624" to 627" for Client 30
Web Server - CPU running from 626" to 629" for Client 35
Web Server - Disk working from 627" to 632" for Client 38
Application Server - CPU running from 627" to 628" for Client 15
Client 22 acts at 628"
Client 4 acts at 629"
Web Server - CPU running from 629" to 631" for Client 12
Client 36 acts at 630"
Database Server - CPU running from 630" to 631" for Client 24
Web Server - CPU running from 631" to 634" for Client 2
Database Server - Disk working from 631" to 637" for Client 24
Web Server - Disk working from 632" to 637" for Client 49
Client 43 acts at 633"
Client 29 acts at 634"
Client 17 acts at 634"
Client 31 acts at 634"
Web Server - CPU running from 634" to 637" for Client 25
Client 45 acts at 635"
Client 14 acts at 635"
Client 32 acts at 637"
Web Server - CPU running from 637" to 639" for Client 30
Database Server - CPU running from 637" to 639" for Client 24
Web Server - Disk working from 637" to 646" for Client 7
Web Server - CPU running from 639" to 641" for Client 15
Application Server - CPU running from 639" to 642" for Client 30
Client 20 acts at 641"
Web Server - CPU running from 641" to 643" for Client 36
Application Server - CPU running from 642" to 645" for Client 24
Application Server - Disk working from 642" to 652" for Client 30
Client 33 acts at 643"
Web Server - CPU running from 643" to 644" for Client 38
Web Server - CPU running from 644" to 647" for Client 43
Client 41 acts at 645"
Client 37 acts at 645"
Application Server - CPU running from 645" to 648" for Client 38
Web Server - Disk working from 646" to 655" for Client 47
Client 11 acts at 647"
Web Server - CPU running from 647" to 650" for Client 29
Web Server - CPU running from 650" to 652" for Client 17
Client 22 acts at 651"
Client 1 acts at 652"
Web Server - CPU running from 652" to 654" for Client 45
Application Server - Disk working from 652" to 658" for Client 24
Application Server - CPU running from 652" to 654" for Client 30
Client 34 acts at 653"
Client 21 acts at 654"
Web Server - CPU running from 654" to 656" for Client 14
Web Server - Disk working from 655" to 663" for Client 39
Web Server - CPU running from 656" to 659" for Client 32
Application Server - CPU running from 658" to 661" for Client 24
Web Server - CPU running from 659" to 660" for Client 49
Web Server - CPU running from 660" to 662" for Client 20
Application Server - Disk working from 661" to 666" for Client 24
Web Server - CPU running from 662" to 665" for Client 33
Application Server - CPU running from 662" to 664" for Client 20
Web Server - Disk working from 663" to 673" for Client 46
Client 42 acts at 665"
Web Server - CPU running from 665" to 667" for Client 7
Application Server - CPU running from 665" to 666" for Client 33
Application Server - Disk working from 666" to 673" for Client 20
Application Server - CPU running from 666" to 669" for Client 24
Database Server - CPU running from 666" to 669" for Client 33
Web Server - CPU running from 667" to 668" for Client 11
Client 10 acts at 668"
Web Server - CPU running from 668" to 671" for Client 38
Client 40 acts at 669"
Client 37 acts at 669"
Application Server - CPU running from 669" to 671" for Client 7
Client 25 acts at 670"
Web Server - CPU running from 671" to 673" for Client 22
Application Server - CPU running from 671" to 672" for Client 33
Application Server - CPU running from 672" to 674" for Client 38
Database Server - CPU running from 672" to 674" for Client 33
Client 4 acts at 673"
Client 34 acts at 673"
Web Server - Disk working from 673" to 679" for Client 16
Web Server - CPU running from 673" to 674" for Client 1
Application Server - Disk working from 673" to 683" for Client 24
Application Server - CPU running from 674" to 676" for Client 20
Web Server - CPU running from 674" to 676" for Client 30
Client 13 acts at 675"
Client 41 acts at 676"
Application Server - CPU running from 676" to 677" for Client 33
Web Server - CPU running from 676" to 679" for Client 47
Client 3 acts at 677"
Application Server - CPU running from 677" to 680" for Client 30
Web Server - Disk working from 679" to 685" for Client 18
Web Server - CPU running from 679" to 681" for Client 39
Client 5 acts at 680"
Web Server - CPU running from 681" to 684" for Client 40
Application Server - CPU running from 681" to 682" for Client 39
Client 48 acts at 682"
Application Server - Disk working from 683" to 690" for Client 7
Application Server - CPU running from 683" to 684" for Client 24
Web Server - CPU running from 684" to 686" for Client 37
Client 28 acts at 685"
Client 49 acts at 685"
Web Server - Disk working from 685" to 694" for Client 26
Web Server - CPU running from 686" to 688" for Client 46
Client 9 acts at 688"
Web Server - CPU running from 688" to 690" for Client 38
Application Server - Disk working from 690" to 697" for Client 20
Application Server - CPU running from 690" to 692" for Client 7
Web Server - CPU running from 690" to 691" for Client 13
Web Server - CPU running from 691" to 692" for Client 16
Client 23 acts at 692"
Web Server - CPU running from 692" to 693" for Client 30
Application Server - CPU running from 692" to 695" for Client 38
Web Server - CPU running from 693" to 695" for Client 48
Web Server - Disk working from 694" to 702" for Client 27
Web Server - CPU running from 695" to 698" for Client 39
Application Server - CPU running from 695" to 698" for Client 48
Client 44 acts at 697"
Client 25 acts at 697"
Application Server - Disk working from 697" to 702" for Client 33
Web Server - CPU running from 698" to 701" for Client 18
Application Server - CPU running from 698" to 700" for Client 20
Client 34 acts at 699"
Client 2 acts at 700"
Client 36 acts at 700"
Database Server - CPU running from 700" to 703" for Client 20
Client 19 acts at 701"
Client 6 acts at 701"
Web Server - CPU running from 701" to 702" for Client 9
Application Server - CPU running from 701" to 702" for Client 18
Client 14 acts at 702"
Web Server - CPU running from 702" to 703" for Client 23
Web Server - Disk working from 702" to 712" for Client 35
Application Server - Disk working from 702" to 711" for Client 24
Application Server - CPU running from 702" to 705" for Client 33
Web Server - CPU running from 703" to 706" for Client 26
Application Server - CPU running from 705" to 708" for Client 20
Client 45 acts at 706"
Web Server - CPU running from 706" to 709" for Client 38
Client 3 acts at 707"
Client 50 acts at 708"
Client 8 acts at 708"
Client 41 acts at 708"
Web Server - CPU running from 709" to 710" for Client 34
Client 12 acts at 710"
Web Server - CPU running from 710" to 713" for Client 2
Application Server - Disk working from 711" to 716" for Client 7
Application Server - CPU running from 711" to 713" for Client 24
Web Server - Disk working from 712" to 722" for Client 15
Web Server - CPU running from 713" to 714" for Client 6
Database Server - CPU running from 713" to 715" for Client 24
Web Server - CPU running from 714" to 716" for Client 14
Application Server - CPU running from 715" to 717" for Client 24
Application Server - Disk working from 716" to 721" for Client 48
Web Server - CPU running from 716" to 717" for Client 27
Application Server - CPU running from 717" to 720" for Client 7
Web Server - CPU running from 717" to 719" for Client 18
Client 42 acts at 718"
Web Server - CPU running from 719" to 722" for Client 33
Application Server - CPU running from 720" to 722" for Client 27
Application Server - Disk working from 721" to 728" for Client 20
Client 1 acts at 722"
Web Server - CPU running from 722" to 723" for Client 3
Web Server - Disk working from 722" to 729" for Client 43
Application Server - CPU running from 722" to 724" for Client 48
Web Server - CPU running from 723" to 726" for Client 8
Client 31 acts at 724"
Web Server - CPU running from 726" to 728" for Client 12
Client 23 acts at 728"
Client 50 acts at 728"
Web Server - CPU running from 728" to 729" for Client 35
Application Server - Disk working from 728" to 733" for Client 27
Application Server - CPU running from 728" to 731" for Client 20
Client 21 acts at 729"
Web Server - CPU running from 729" to 731" for Client 24
Web Server - Disk working from 729" to 736" for Client 29
Web Server - CPU running from 731" to 732" for Client 7
Client 49 acts at 732"
Web Server - CPU running from 732" to 733" for Client 1
Application Server - CPU running from 732" to 735" for Client 7
Application Server - Disk working from 733" to 743" for Client 48
Web Server - CPU running from 733" to 736" for Client 15
Application Server - CPU running from 735" to 737" for Client 27
Web Server - Disk working from 736" to 746" for Client 17
Web Server - CPU running from 736" to 738" for Client 31
Web Server - CPU running from 738" to 741" for Client 50
Application Server - CPU running from 738" to 740" for Client 31
Database Server - CPU running from 740" to 743" for Client 31
Client 46 acts at 741"
Web Server - CPU running from 741" to 742" for Client 21
Client 19 acts at 742"
Web Server - CPU running from 742" to 745" for Client 43
Application Server - CPU running from 743" to 746" for Client 48
Database Server - Disk working from 743" to 753" for Client 31
Web Server - CPU running from 745" to 746" for Client 20
Web Server - Disk working from 746" to 756" for Client 11
Web Server - CPU running from 746" to 747" for Client 49
Application Server - CPU running from 746" to 748" for Client 43
Application Server - Disk working from 746" to 753" for Client 48
Web Server - CPU running from 747" to 750" for Client 7
Client 13 acts at 748"
Client 5 acts at 750"
Web Server - CPU running from 750" to 752" for Client 29
Web Server - CPU running from 752" to 755" for Client 27
Database Server - CPU running from 753" to 754" for Client 31
Application Server - CPU running from 753" to 755" for Client 48
Web Server - CPU running from 755" to 757" for Client 19
Application Server - CPU running from 755" to 758" for Client 31
Web Server - Disk working from 756" to 762" for Client 22
Client 32 acts at 757"
Client 30 acts at 757"
Web Server - CPU running from 757" to 759" for Client 17
Client 47 acts at 758"
Application Server - CPU running from 758" to 759" for Client 27
Client 10 acts at 759"
Web Server - CPU running from 759" to 761" for Client 13
Application Server - CPU running from 759" to 762" for Client 19
Application Server - Disk working from 759" to 767" for Client 27
Client 36 acts at 760"
Web Server - CPU running from 761" to 762" for Client 43
Client 28 acts at 762"
Web Server - CPU running from 762" to 763" for Client 48
Web Server - Disk working from 762" to 767" for Client 40
Web Server - CPU running from 763" to 764" for Client 11
Web Server - CPU running from 764" to 765" for Client 32
Web Server - CPU running from 765" to 768" for Client 47
Client 37 acts at 766"
Client 35 acts at 766"
Application Server - Disk working from 767" to 774" for Client 19
Application Server - CPU running from 767" to 769" for Client 27
Web Server - Disk working from 767" to 775" for Client 16
Client 24 acts at 768"
Web Server - CPU running from 768" to 771" for Client 31
Client 4 acts at 769"
Client 50 acts at 771"
Web Server - CPU running from 771" to 772" for Client 10
Client 26 acts at 772"
Web Server - CPU running from 772" to 775" for Client 36
Application Server - CPU running from 772" to 775" for Client 10
Web Server - Disk working from 775" to 782" for Client 39
Web Server - CPU running from 775" to 777" for Client 28
Application Server - CPU running from 775" to 778" for Client 19
Database Server - CPU running from 775" to 778" for Client 10
Client 44 acts at 777"
Client 45 acts at 777"
Web Server - CPU running from 777" to 779" for Client 22
Client 30 acts at 778"
Application Server - CPU running from 778" to 780" for Client 10
Client 12 acts at 779"
Web Server - CPU running from 779" to 782" for Client 40
Web Server - Disk working from 782" to 787" for Client 9
Web Server - CPU running from 782" to 783" for Client 27
Web Server - CPU running from 783" to 784" for Client 50
Web Server - CPU running from 784" to 786" for Client 16
Application Server - CPU running from 784" to 787" for Client 50
Web Server - CPU running from 786" to 787" for Client 44
Client 42 acts at 787"
Web Server - Disk working from 787" to 793" for Client 38
Web Server - CPU running from 787" to 789" for Client 19
Database Server - CPU running from 787" to 789" for Client 50
Client 25 acts at 788"
Client 21 acts at 788"
Client 24 acts at 789"
Web Server - CPU running from 789" to 792" for Client 12
Application Server - CPU running from 789" to 790" for Client 50
Application Server - Disk working from 790" to 795" for Client 50
Web Server - CPU running from 792" to 794" for Client 10
Web Server - Disk working from 793" to 799" for Client 34
Client 23 acts at 794"
Web Server - CPU running from 794" to 797" for Client 39
Application Server - CPU running from 795" to 798" for Client 50
Web Server - CPU running from 797" to 798" for Client 9
Client 37 acts at 798"
Web Server - CPU running from 798" to 799" for Client 24
Application Server - Disk working from 798" to 806" for Client 50
Web Server - Disk working from 799" to 805" for Client 2
Web Server - CPU running from 799" to 800" for Client 38
Client 45 acts at 800"
Web Server - CPU running from 800" to 803" for Client 37
Web Server - CPU running from 803" to 804" for Client 34
Client 40 acts at 804"
Web Server - CPU running from 804" to 805" for Client 40
Web Server - Disk working from 805" to 814" for Client 6
Web Server - CPU running from 805" to 806" for Client 2
Client 41 acts at 806"
Client 14 acts at 806"
Web Server - CPU running from 806" to 809" for Client 41
Application Server - CPU running from 806" to 809" for Client 50
Web Server - CPU running from 809" to 811" for Client 14
Web Server - CPU running from 811" to 812" for Client 50
Client 20 acts at 814"
Web Server - CPU running from 814" to 817" for Client 20
Web Server - Disk working from 814" to 820" for Client 18
Client 33 acts at 816"
Client 17 acts at 817"
Web Server - CPU running from 817" to 818" for Client 6
Web Server - CPU running from 818" to 819" for Client 33
Client 3 acts at 819"
Client 1 acts at 819"
Web Server - CPU running from 819" to 822" for Client 1
Web Server - Disk working from 820" to 828" for Client 8
Web Server - CPU running from 822" to 824" for Client 18
Client 42 acts at 823"
Web Server - CPU running from 824" to 827" for Client 42
Application Server - CPU running from 824" to 825" for Client 18
Database Server - CPU running from 825" to 827" for Client 18
Client 13 acts at 826"
Client 12 acts at 827"
Client 10 acts at 827"
Client 24 acts at 827"
Database Server - Disk working from 827" to 834" for Client 18
Web Server - Disk working from 828" to 833" for Client 15
Web Server - CPU running from 828" to 831" for Client 8
Client 28 acts at 829"
Web Server - CPU running from 831" to 833" for Client 28
Client 5 acts at 833"
Web Server - Disk working from 833" to 842" for Client 49
Web Server - CPU running from 833" to 836" for Client 15
Database Server - CPU running from 834" to 836" for Client 18
Client 41 acts at 836"
Web Server - CPU running from 836" to 839" for Client 41
Application Server - CPU running from 836" to 839" for Client 18
Client 46 acts at 839"
Web Server - CPU running from 839" to 841" for Client 18
Client 26 acts at 842"
Web Server - Disk working from 842" to 852" for Client 7
Web Server - CPU running from 842" to 844" for Client 49
Client 9 acts at 843"
Web Server - CPU running from 844" to 846" for Client 9
Client 45 acts at 845"
Web Server - CPU running from 846" to 848" for Client 45
Client 16 acts at 851"
Web Server - CPU running from 851" to 852" for Client 16
Web Server - Disk working from 852" to 858" for Client 29
Web Server - CPU running from 852" to 854" for Client 7
Application Server - CPU running from 852" to 855" for Client 16
Client 48 acts at 854"
Web Server - CPU running from 854" to 856" for Client 48
Application Server - CPU running from 855" to 857" for Client 7
Web Server - CPU running from 856" to 858" for Client 16
Application Server - CPU running from 857" to 860" for Client 48
Web Server - Disk working from 858" to 865" for Client 43
Web Server - CPU running from 858" to 859" for Client 7
Web Server - CPU running from 859" to 861" for Client 29
Database Server - CPU running from 860" to 861" for Client 48
Database Server - Disk working from 861" to 868" for Client 48
Client 31 acts at 863"
Client 12 acts at 863"
Web Server - CPU running from 863" to 866" for Client 12
Client 35 acts at 864"
Client 4 acts at 865"
Web Server - Disk working from 865" to 872" for Client 11
Client 42 acts at 866"
Web Server - CPU running from 866" to 867" for Client 35
Application Server - CPU running from 866" to 868" for Client 12
Client 2 acts at 867"
Web Server - CPU running from 867" to 868" for Client 43
Database Server - CPU running from 868" to 870" for Client 48
Web Server - CPU running from 868" to 871" for Client 42
Database Server - Disk working from 870" to 876" for Client 48
Client 30 acts at 871"
Client 26 acts at 871"
Web Server - CPU running from 871" to 872" for Client 12
Web Server - Disk working from 872" to 882" for Client 32
Web Server - CPU running from 872" to 873" for Client 11
Client 25 acts at 876"
Database Server - CPU running from 876" to 879" for Client 48
Client 20 acts at 878"
Web Server - CPU running from 878" to 879" for Client 20
Client 23 acts at 879"
Database Server - Disk working from 879" to 889" for Client 48
Client 21 acts at 880"
Client 34 acts at 880"
Client 10 acts at 880"
Web Server - CPU running from 880" to 883" for Client 34
Client 5 acts at 882"
Web Server - Disk working from 882" to 889" for Client 47
Client 1 acts at 883"
Web Server - CPU running from 883" to 885" for Client 32
Web Server - CPU running from 885" to 886" for Client 1
Client 33 acts at 889"
Client 4 acts at 889"
Client 35 acts at 889"
Web Server - CPU running from 889" to 890" for Client 4
Database Server - CPU running from 889" to 890" for Client 48
Web Server - Disk working from 889" to 899" for Client 36
Web Server - CPU running from 890" to 893" for Client 35
Application Server - CPU running from 890" to 891" for Client 48
Client 3 acts at 891"
Application Server - Disk working from 891" to 896" for Client 48
Web Server - CPU running from 893" to 895" for Client 47
Client 50 acts at 894"
Client 2 acts at 894"
Web Server - CPU running from 895" to 898" for Client 3
Client 17 acts at 896"
Application Server - CPU running from 896" to 898" for Client 48
Client 13 acts at 898"
Web Server - CPU running from 898" to 900" for Client 17
Application Server - Disk working from 898" to 905" for Client 48
Client 46 acts at 899"
Client 11 acts at 899"
Web Server - Disk working from 899" to 909" for Client 22
Client 43 acts at 900"
Web Server - CPU running from 900" to 901" for Client 46
Client 24 acts at 901"
Web Server - CPU running from 901" to 903" for Client 36
Client 37 acts at 902"
Web Server - CPU running from 903" to 904" for Client 43
Application Server - CPU running from 905" to 908" for Client 48
Client 42 acts at 907"
Web Server - CPU running from 907" to 909" for Client 42
Client 23 acts at 908"
Web Server - Disk working from 909" to 914" for Client 27
Web Server - CPU running from 909" to 911" for Client 48
Application Server - CPU running from 909" to 910" for Client 42
Application Server - Disk working from 910" to 916" for Client 42
Web Server - CPU running from 911" to 913" for Client 22
Client 9 acts at 913"
Web Server - CPU running from 913" to 914" for Client 9
Web Server - Disk working from 914" to 923" for Client 44
Web Server - CPU running from 914" to 915" for Client 27
Application Server - CPU running from 916" to 918" for Client 42
Client 6 acts at 917"
Client 7 acts at 917"
Web Server - CPU running from 917" to 920" for Client 7
Client 31 acts at 920"
Web Server - CPU running from 920" to 921" for Client 42
Application Server - CPU running from 920" to 923" for Client 7
Client 20 acts at 922"
Client 17 acts at 922"
Web Server - CPU running from 922" to 923" for Client 20
Client 26 acts at 923"
Web Server - Disk working from 923" to 931" for Client 19
Web Server - CPU running from 923" to 925" for Client 44
Client 2 acts at 924"
Web Server - CPU running from 925" to 926" for Client 7
Application Server - CPU running from 925" to 928" for Client 44
Web Server - CPU running from 926" to 928" for Client 2
Web Server - CPU running from 928" to 930" for Client 44
Client 24 acts at 929"
Client 23 acts at 929"
Client 28 acts at 930"
Client 37 acts at 930"
Web Server - CPU running from 930" to 933" for Client 23
Application Server - CPU running from 930" to 931" for Client 44
Client 32 acts at 931"
Web Server - Disk working from 931" to 940" for Client 39
Client 4 acts at 933"
Web Server - CPU running from 933" to 936" for Client 19
Web Server - CPU running from 936" to 937" for Client 44
Client 9 acts at 937"
Web Server - CPU running from 937" to 939" for Client 9
Web Server - Disk working from 940" to 947" for Client 38
Web Server - CPU running from 940" to 941" for Client 39
Client 16 acts at 943"
Client 46 acts at 944"
Web Server - CPU running from 944" to 947" for Client 46
Client 5 acts at 945"
Client 50 acts at 945"
Client 26 acts at 946"
Web Server - Disk working from 947" to 957" for Client 40
Web Server - CPU running from 947" to 948" for Client 26
Client 12 acts at 948"
Web Server - CPU running from 948" to 949" for Client 38
Web Server - CPU running from 949" to 951" for Client 12
Client 11 acts at 951"
Web Server - CPU running from 951" to 952" for Client 11
Client 30 acts at 957"
Web Server - Disk working from 957" to 967" for Client 14
Web Server - CPU running from 957" to 960" for Client 40
Client 21 acts at 960"
Web Server - CPU running from 960" to 961" for Client 21
Client 10 acts at 962"
Client 17 acts at 966"
Web Server - Disk working from 967" to 977" for Client 8
Web Server - CPU running from 967" to 970" for Client 14
Client 13 acts at 969"
Client 31 acts at 969"
Client 26 acts at 969"
Client 25 acts at 970"
Web Server - CPU running from 970" to 972" for Client 31
Client 24 acts at 971"
Client 48 acts at 972"
Web Server - CPU running from 972" to 975" for Client 24
Client 43 acts at 975"
Web Server - CPU running from 975" to 978" for Client 43
Application Server - CPU running from 975" to 977" for Client 24
Client 47 acts at 977"
Client 37 acts at 977"
Web Server - Disk working from 977" to 984" for Client 15
Client 28 acts at 978"
Web Server - CPU running from 978" to 980" for Client 8
Web Server - CPU running from 980" to 982" for Client 24
Client 33 acts at 982"
Web Server - CPU running from 982" to 984" for Client 28
Web Server - Disk working from 984" to 990" for Client 41
Web Server - CPU running from 984" to 986" for Client 33
Web Server - CPU running from 986" to 987" for Client 15
Client 16 acts at 988"
Client 40 acts at 990"
Web Server - Disk working from 990" to 999" for Client 18
Web Server - CPU running from 990" to 991" for Client 41
Client 23 acts at 995"
Client 50 acts at 995"
Client 21 acts at 995"
Web Server - CPU running from 995" to 996" for Client 23
Web Server - CPU running from 996" to 999" for Client 50
Application Server - CPU running from 996" to 999" for Client 23
Client 7 acts at 998"
Client 14 acts at 998"
Client 22 acts at 999"
Client 44 acts at 999"
Web Server - CPU running from 999" to 1000" for Client 21
Web Server - Disk working from 999" to 1005" for Client 49
Application Server - Disk working from 999" to 1009" for Client 23
